# JRE version: OpenJDK Runtime Environment (7.0_65-b32) (build 1.7.0_65-b32)
# Java VM: OpenJDK 64-Bit Server VM (24.65-b04 mixed mode linux-amd64 compressed oops)
Heap
 PSYoungGen      total 238592K, used 39814K [0x00000000eaa80000, 0x0000000100000000, 0x0000000100000000)
  eden space 170496K, 0% used [0x00000000eaa80000,0x00000000eaa80000,0x00000000f5100000)
  from space 68096K, 58% used [0x00000000fbd80000,0x00000000fe461bb0,0x0000000100000000)
  to   space 89600K, 0% used [0x00000000f5100000,0x00000000f5100000,0x00000000fa880000)
 ParOldGen       total 168960K, used 168485K [0x00000000c0000000, 0x00000000ca500000, 0x00000000eaa80000)
  object space 168960K, 99% used [0x00000000c0000000,0x00000000ca489718,0x00000000ca500000)
 PSPermGen       total 21504K, used 5947K [0x00000000b5a00000, 0x00000000b6f00000, 0x00000000c0000000)
  object space 21504K, 27% used [0x00000000b5a00000,0x00000000b5fcefb0,0x00000000b6f00000)
GC Heap History (10 events):
Event: 10.692 GC heap after
Heap after GC invocations=7 (full 0):
 PSYoungGen      total 281600K, used 30705K [0x00000000eaa80000, 0x0000000100000000, 0x0000000100000000)
  eden space 250880K, 0% used [0x00000000eaa80000,0x00000000eaa80000,0x00000000f9f80000)
  from space 30720K, 99% used [0x00000000f9f80000,0x00000000fbd7c778,0x00000000fbd80000)
  to   space 52736K, 0% used [0x00000000fcc80000,0x00000000fcc80000,0x0000000100000000)
 ParOldGen       total 83968K, used 79674K [0x00000000c0000000, 0x00000000c5200000, 0x00000000eaa80000)
  object space 83968K, 94% used [0x00000000c0000000,0x00000000c4dce838,0x00000000c5200000)
 PSPermGen       total 21504K, used 5911K [0x00000000b5a00000, 0x00000000b6f00000, 0x00000000c0000000)
  object space 21504K, 27% used [0x00000000b5a00000,0x00000000b5fc5fb8,0x00000000b6f00000)
}
Event: 10.693 GC heap before
{Heap before GC invocations=8 (full 1):
 PSYoungGen      total 281600K, used 30705K [0x00000000eaa80000, 0x0000000100000000, 0x0000000100000000)
  eden space 250880K, 0% used [0x00000000eaa80000,0x00000000eaa80000,0x00000000f9f80000)
  from space 30720K, 99% used [0x00000000f9f80000,0x00000000fbd7c778,0x00000000fbd80000)
  to   space 52736K, 0% used [0x00000000fcc80000,0x00000000fcc80000,0x0000000100000000)
 ParOldGen       total 83968K, used 79674K [0x00000000c0000000, 0x00000000c5200000, 0x00000000eaa80000)
  object space 83968K, 94% used [0x00000000c0000000,0x00000000c4dce838,0x00000000c5200000)
 PSPermGen       total 21504K, used 5911K [0x00000000b5a00000, 0x00000000b6f00000, 0x00000000c0000000)
  object space 21504K, 27% used [0x00000000b5a00000,0x00000000b5fc5fb8,0x00000000b6f00000)
Event: 11.863 GC heap after
Heap after GC invocations=8 (full 1):
 PSYoungGen      total 281600K, used 23355K [0x00000000eaa80000, 0x0000000100000000, 0x0000000100000000)
  eden space 250880K, 0% used [0x00000000eaa80000,0x00000000eaa80000,0x00000000f9f80000)
  from space 30720K, 76% used [0x00000000f9f80000,0x00000000fb64ec40,0x00000000fbd80000)
  to   space 52736K, 0% used [0x00000000fcc80000,0x00000000fcc80000,0x0000000100000000)
 ParOldGen       total 168960K, used 83672K [0x00000000c0000000, 0x00000000ca500000, 0x00000000eaa80000)
  object space 168960K, 49% used [0x00000000c0000000,0x00000000c51b6248,0x00000000ca500000)
 PSPermGen       total 21504K, used 5906K [0x00000000b5a00000, 0x00000000b6f00000, 0x00000000c0000000)
  object space 21504K, 27% used [0x00000000b5a00000,0x00000000b5fc4980,0x00000000b6f00000)
}
Event: 13.265 GC heap before
{Heap before GC invocations=9 (full 1):
 PSYoungGen      total 281600K, used 274235K [0x00000000eaa80000, 0x0000000100000000, 0x0000000100000000)
  eden space 250880K, 100% used [0x00000000eaa80000,0x00000000f9f80000,0x00000000f9f80000)
  from space 30720K, 76% used [0x00000000f9f80000,0x00000000fb64ec40,0x00000000fbd80000)
  to   space 52736K, 0% used [0x00000000fcc80000,0x00000000fcc80000,0x0000000100000000)
 ParOldGen       total 168960K, used 83672K [0x00000000c0000000, 0x00000000ca500000, 0x00000000eaa80000)
  object space 168960K, 49% used [0x00000000c0000000,0x00000000c51b6248,0x00000000ca500000)
 PSPermGen       total 21504K, used 5920K [0x00000000b5a00000, 0x00000000b6f00000, 0x00000000c0000000)
  object space 21504K, 27% used [0x00000000b5a00000,0x00000000b5fc8378,0x00000000b6f00000)
Event: 13.452 GC heap after
Heap after GC invocations=9 (full 1):
 PSYoungGen      total 266240K, used 52728K [0x00000000eaa80000, 0x0000000100000000, 0x0000000100000000)
  eden space 213504K, 0% used [0x00000000eaa80000,0x00000000eaa80000,0x00000000f7b00000)
  from space 52736K, 99% used [0x00000000fcc80000,0x00000000ffffe1b8,0x0000000100000000)
  to   space 68096K, 0% used [0x00000000f7b00000,0x00000000f7b00000,0x00000000fbd80000)
 ParOldGen       total 168960K, used 97455K [0x00000000c0000000, 0x00000000ca500000, 0x00000000eaa80000)
  object space 168960K, 57% used [0x00000000c0000000,0x00000000c5f2be10,0x00000000ca500000)
 PSPermGen       total 21504K, used 5920K [0x00000000b5a00000, 0x00000000b6f00000, 0x00000000c0000000)
  object space 21504K, 27% used [0x00000000b5a00000,0x00000000b5fc8378,0x00000000b6f00000)
}
Event: 14.523 GC heap before
{Heap before GC invocations=10 (full 1):
 PSYoungGen      total 266240K, used 266232K [0x00000000eaa80000, 0x0000000100000000, 0x0000000100000000)
  eden space 213504K, 100% used [0x00000000eaa80000,0x00000000f7b00000,0x00000000f7b00000)
  from space 52736K, 99% used [0x00000000fcc80000,0x00000000ffffe1b8,0x0000000100000000)
  to   space 68096K, 0% used [0x00000000f7b00000,0x00000000f7b00000,0x00000000fbd80000)
 ParOldGen       total 168960K, used 97455K [0x00000000c0000000, 0x00000000ca500000, 0x00000000eaa80000)
  object space 168960K, 57% used [0x00000000c0000000,0x00000000c5f2be10,0x00000000ca500000)
 PSPermGen       total 21504K, used 5938K [0x00000000b5a00000, 0x00000000b6f00000, 0x00000000c0000000)
  object space 21504K, 27% used [0x00000000b5a00000,0x00000000b5fcca50,0x00000000b6f00000)
Event: 14.645 GC heap after
Heap after GC invocations=10 (full 1):
 PSYoungGen      total 281600K, used 68090K [0x00000000eaa80000, 0x0000000100000000, 0x0000000100000000)
  eden space 213504K, 0% used [0x00000000eaa80000,0x00000000eaa80000,0x00000000f7b00000)
  from space 68096K, 99% used [0x00000000f7b00000,0x00000000fbd7ea40,0x00000000fbd80000)
  to   space 68096K, 0% used [0x00000000fbd80000,0x00000000fbd80000,0x0000000100000000)
 ParOldGen       total 168960K, used 111865K [0x00000000c0000000, 0x00000000ca500000, 0x00000000eaa80000)
  object space 168960K, 66% used [0x00000000c0000000,0x00000000c6d3e6e8,0x00000000ca500000)
 PSPermGen       total 21504K, used 5938K [0x00000000b5a00000, 0x00000000b6f00000, 0x00000000c0000000)
  object space 21504K, 27% used [0x00000000b5a00000,0x00000000b5fcca50,0x00000000b6f00000)
}
Event: 15.424 GC heap before
{Heap before GC invocations=11 (full 1):
 PSYoungGen      total 281600K, used 281594K [0x00000000eaa80000, 0x0000000100000000, 0x0000000100000000)
  eden space 213504K, 100% used [0x00000000eaa80000,0x00000000f7b00000,0x00000000f7b00000)
  from space 68096K, 99% used [0x00000000f7b00000,0x00000000fbd7ea40,0x00000000fbd80000)
  to   space 68096K, 0% used [0x00000000fbd80000,0x00000000fbd80000,0x0000000100000000)
 ParOldGen       total 168960K, used 111865K [0x00000000c0000000, 0x00000000ca500000, 0x00000000eaa80000)
  object space 168960K, 66% used [0x00000000c0000000,0x00000000c6d3e6e8,0x00000000ca500000)
 PSPermGen       total 21504K, used 5948K [0x00000000b5a00000, 0x00000000b6f00000, 0x00000000c0000000)
  object space 21504K, 27% used [0x00000000b5a00000,0x00000000b5fcf0f0,0x00000000b6f00000)
Event: 15.715 GC heap after
Heap after GC invocations=11 (full 1):
 PSYoungGen      total 238592K, used 57615K [0x00000000eaa80000, 0x0000000100000000, 0x0000000100000000)
  eden space 170496K, 0% used [0x00000000eaa80000,0x00000000eaa80000,0x00000000f5100000)
  from space 68096K, 84% used [0x00000000fbd80000,0x00000000ff5c3d78,0x0000000100000000)
  to   space 89600K, 0% used [0x00000000f5100000,0x00000000f5100000,0x00000000fa880000)
 ParOldGen       total 168960K, used 157086K [0x00000000c0000000, 0x00000000ca500000, 0x00000000eaa80000)
  object space 168960K, 92% used [0x00000000c0000000,0x00000000c9967a58,0x00000000ca500000)
 PSPermGen       total 21504K, used 5948K [0x00000000b5a00000, 0x00000000b6f00000, 0x00000000c0000000)
  object space 21504K, 27% used [0x00000000b5a00000,0x00000000b5fcf0f0,0x00000000b6f00000)
}
Event: 15.715 GC heap before
{Heap before GC invocations=12 (full 2):
 PSYoungGen      total 238592K, used 57615K [0x00000000eaa80000, 0x0000000100000000, 0x0000000100000000)
  eden space 170496K, 0% used [0x00000000eaa80000,0x00000000eaa80000,0x00000000f5100000)
  from space 68096K, 84% used [0x00000000fbd80000,0x00000000ff5c3d78,0x0000000100000000)
  to   space 89600K, 0% used [0x00000000f5100000,0x00000000f5100000,0x00000000fa880000)
 ParOldGen       total 168960K, used 157086K [0x00000000c0000000, 0x00000000ca500000, 0x00000000eaa80000)
  object space 168960K, 92% used [0x00000000c0000000,0x00000000c9967a58,0x00000000ca500000)
 PSPermGen       total 21504K, used 5948K [0x00000000b5a00000, 0x00000000b6f00000, 0x00000000c0000000)
  object space 21504K, 27% used [0x00000000b5a00000,0x00000000b5fcf0f0,0x00000000b6f00000)

