# JRE version: OpenJDK Runtime Environment (7.0_65-b32) (build 1.7.0_65-b32)
# Java VM: OpenJDK 64-Bit Server VM (24.65-b04 mixed mode linux-amd64 compressed oops)
Heap
 PSYoungGen      total 237056K, used 40077K [0x00000000eaa80000, 0x0000000100000000, 0x0000000100000000)
  eden space 168448K, 0% used [0x00000000eaa80000,0x00000000eaa80000,0x00000000f4f00000)
  from space 68608K, 58% used [0x00000000fbd00000,0x00000000fe4234a8,0x0000000100000000)
  to   space 90624K, 0% used [0x00000000f4f00000,0x00000000f4f00000,0x00000000fa780000)
 ParOldGen       total 168448K, used 168036K [0x00000000c0000000, 0x00000000ca480000, 0x00000000eaa80000)
  object space 168448K, 99% used [0x00000000c0000000,0x00000000ca4192b8,0x00000000ca480000)
 PSPermGen       total 21504K, used 5949K [0x00000000b5a00000, 0x00000000b6f00000, 0x00000000c0000000)
  object space 21504K, 27% used [0x00000000b5a00000,0x00000000b5fcf6d0,0x00000000b6f00000)
GC Heap History (10 events):
Event: 10.765 GC heap after
Heap after GC invocations=7 (full 0):
 PSYoungGen      total 281600K, used 30690K [0x00000000eaa80000, 0x0000000100000000, 0x0000000100000000)
  eden space 250880K, 0% used [0x00000000eaa80000,0x00000000eaa80000,0x00000000f9f80000)
  from space 30720K, 99% used [0x00000000f9f80000,0x00000000fbd78b18,0x00000000fbd80000)
  to   space 52736K, 0% used [0x00000000fcc80000,0x00000000fcc80000,0x0000000100000000)
 ParOldGen       total 83968K, used 80038K [0x00000000c0000000, 0x00000000c5200000, 0x00000000eaa80000)
  object space 83968K, 95% used [0x00000000c0000000,0x00000000c4e29a20,0x00000000c5200000)
 PSPermGen       total 21504K, used 5914K [0x00000000b5a00000, 0x00000000b6f00000, 0x00000000c0000000)
  object space 21504K, 27% used [0x00000000b5a00000,0x00000000b5fc6a98,0x00000000b6f00000)
}
Event: 10.765 GC heap before
{Heap before GC invocations=8 (full 1):
 PSYoungGen      total 281600K, used 30690K [0x00000000eaa80000, 0x0000000100000000, 0x0000000100000000)
  eden space 250880K, 0% used [0x00000000eaa80000,0x00000000eaa80000,0x00000000f9f80000)
  from space 30720K, 99% used [0x00000000f9f80000,0x00000000fbd78b18,0x00000000fbd80000)
  to   space 52736K, 0% used [0x00000000fcc80000,0x00000000fcc80000,0x0000000100000000)
 ParOldGen       total 83968K, used 80038K [0x00000000c0000000, 0x00000000c5200000, 0x00000000eaa80000)
  object space 83968K, 95% used [0x00000000c0000000,0x00000000c4e29a20,0x00000000c5200000)
 PSPermGen       total 21504K, used 5914K [0x00000000b5a00000, 0x00000000b6f00000, 0x00000000c0000000)
  object space 21504K, 27% used [0x00000000b5a00000,0x00000000b5fc6a98,0x00000000b6f00000)
Event: 11.904 GC heap after
Heap after GC invocations=8 (full 1):
 PSYoungGen      total 281600K, used 23413K [0x00000000eaa80000, 0x0000000100000000, 0x0000000100000000)
  eden space 250880K, 0% used [0x00000000eaa80000,0x00000000eaa80000,0x00000000f9f80000)
  from space 30720K, 76% used [0x00000000f9f80000,0x00000000fb65d448,0x00000000fbd80000)
  to   space 52736K, 0% used [0x00000000fcc80000,0x00000000fcc80000,0x0000000100000000)
 ParOldGen       total 168448K, used 83746K [0x00000000c0000000, 0x00000000ca480000, 0x00000000eaa80000)
  object space 168448K, 49% used [0x00000000c0000000,0x00000000c51c88b0,0x00000000ca480000)
 PSPermGen       total 21504K, used 5909K [0x00000000b5a00000, 0x00000000b6f00000, 0x00000000c0000000)
  object space 21504K, 27% used [0x00000000b5a00000,0x00000000b5fc5420,0x00000000b6f00000)
}
Event: 13.377 GC heap before
{Heap before GC invocations=9 (full 1):
 PSYoungGen      total 281600K, used 274293K [0x00000000eaa80000, 0x0000000100000000, 0x0000000100000000)
  eden space 250880K, 100% used [0x00000000eaa80000,0x00000000f9f80000,0x00000000f9f80000)
  from space 30720K, 76% used [0x00000000f9f80000,0x00000000fb65d448,0x00000000fbd80000)
  to   space 52736K, 0% used [0x00000000fcc80000,0x00000000fcc80000,0x0000000100000000)
 ParOldGen       total 168448K, used 83746K [0x00000000c0000000, 0x00000000ca480000, 0x00000000eaa80000)
  object space 168448K, 49% used [0x00000000c0000000,0x00000000c51c88b0,0x00000000ca480000)
 PSPermGen       total 21504K, used 5922K [0x00000000b5a00000, 0x00000000b6f00000, 0x00000000c0000000)
  object space 21504K, 27% used [0x00000000b5a00000,0x00000000b5fc8bb0,0x00000000b6f00000)
Event: 13.625 GC heap after
Heap after GC invocations=9 (full 1):
 PSYoungGen      total 265216K, used 52717K [0x00000000eaa80000, 0x0000000100000000, 0x0000000100000000)
  eden space 212480K, 0% used [0x00000000eaa80000,0x00000000eaa80000,0x00000000f7a00000)
  from space 52736K, 99% used [0x00000000fcc80000,0x00000000ffffb580,0x0000000100000000)
  to   space 68608K, 0% used [0x00000000f7a00000,0x00000000f7a00000,0x00000000fbd00000)
 ParOldGen       total 168448K, used 97589K [0x00000000c0000000, 0x00000000ca480000, 0x00000000eaa80000)
  object space 168448K, 57% used [0x00000000c0000000,0x00000000c5f4d588,0x00000000ca480000)
 PSPermGen       total 21504K, used 5922K [0x00000000b5a00000, 0x00000000b6f00000, 0x00000000c0000000)
  object space 21504K, 27% used [0x00000000b5a00000,0x00000000b5fc8bb0,0x00000000b6f00000)
}
Event: 14.629 GC heap before
{Heap before GC invocations=10 (full 1):
 PSYoungGen      total 265216K, used 265197K [0x00000000eaa80000, 0x0000000100000000, 0x0000000100000000)
  eden space 212480K, 100% used [0x00000000eaa80000,0x00000000f7a00000,0x00000000f7a00000)
  from space 52736K, 99% used [0x00000000fcc80000,0x00000000ffffb580,0x0000000100000000)
  to   space 68608K, 0% used [0x00000000f7a00000,0x00000000f7a00000,0x00000000fbd00000)
 ParOldGen       total 168448K, used 97589K [0x00000000c0000000, 0x00000000ca480000, 0x00000000eaa80000)
  object space 168448K, 57% used [0x00000000c0000000,0x00000000c5f4d588,0x00000000ca480000)
 PSPermGen       total 21504K, used 5940K [0x00000000b5a00000, 0x00000000b6f00000, 0x00000000c0000000)
  object space 21504K, 27% used [0x00000000b5a00000,0x00000000b5fcd288,0x00000000b6f00000)
Event: 14.795 GC heap after
Heap after GC invocations=10 (full 1):
 PSYoungGen      total 281088K, used 68588K [0x00000000eaa80000, 0x0000000100000000, 0x0000000100000000)
  eden space 212480K, 0% used [0x00000000eaa80000,0x00000000eaa80000,0x00000000f7a00000)
  from space 68608K, 99% used [0x00000000f7a00000,0x00000000fbcfb098,0x00000000fbd00000)
  to   space 68608K, 0% used [0x00000000fbd00000,0x00000000fbd00000,0x0000000100000000)
 ParOldGen       total 168448K, used 111270K [0x00000000c0000000, 0x00000000ca480000, 0x00000000eaa80000)
  object space 168448K, 66% used [0x00000000c0000000,0x00000000c6ca9bf8,0x00000000ca480000)
 PSPermGen       total 21504K, used 5940K [0x00000000b5a00000, 0x00000000b6f00000, 0x00000000c0000000)
  object space 21504K, 27% used [0x00000000b5a00000,0x00000000b5fcd288,0x00000000b6f00000)
}
Event: 15.529 GC heap before
{Heap before GC invocations=11 (full 1):
 PSYoungGen      total 281088K, used 281068K [0x00000000eaa80000, 0x0000000100000000, 0x0000000100000000)
  eden space 212480K, 100% used [0x00000000eaa80000,0x00000000f7a00000,0x00000000f7a00000)
  from space 68608K, 99% used [0x00000000f7a00000,0x00000000fbcfb098,0x00000000fbd00000)
  to   space 68608K, 0% used [0x00000000fbd00000,0x00000000fbd00000,0x0000000100000000)
 ParOldGen       total 168448K, used 111270K [0x00000000c0000000, 0x00000000ca480000, 0x00000000eaa80000)
  object space 168448K, 66% used [0x00000000c0000000,0x00000000c6ca9bf8,0x00000000ca480000)
 PSPermGen       total 21504K, used 5949K [0x00000000b5a00000, 0x00000000b6f00000, 0x00000000c0000000)
  object space 21504K, 27% used [0x00000000b5a00000,0x00000000b5fcf790,0x00000000b6f00000)
Event: 16.107 GC heap after
Heap after GC invocations=11 (full 1):
 PSYoungGen      total 237056K, used 61019K [0x00000000eaa80000, 0x0000000100000000, 0x0000000100000000)
  eden space 168448K, 0% used [0x00000000eaa80000,0x00000000eaa80000,0x00000000f4f00000)
  from space 68608K, 88% used [0x00000000fbd00000,0x00000000ff896e28,0x0000000100000000)
  to   space 90624K, 0% used [0x00000000f4f00000,0x00000000f4f00000,0x00000000fa780000)
 ParOldGen       total 168448K, used 153326K [0x00000000c0000000, 0x00000000ca480000, 0x00000000eaa80000)
  object space 168448K, 91% used [0x00000000c0000000,0x00000000c95bb9f8,0x00000000ca480000)
 PSPermGen       total 21504K, used 5949K [0x00000000b5a00000, 0x00000000b6f00000, 0x00000000c0000000)
  object space 21504K, 27% used [0x00000000b5a00000,0x00000000b5fcf790,0x00000000b6f00000)
}
Event: 16.107 GC heap before
{Heap before GC invocations=12 (full 2):
 PSYoungGen      total 237056K, used 61019K [0x00000000eaa80000, 0x0000000100000000, 0x0000000100000000)
  eden space 168448K, 0% used [0x00000000eaa80000,0x00000000eaa80000,0x00000000f4f00000)
  from space 68608K, 88% used [0x00000000fbd00000,0x00000000ff896e28,0x0000000100000000)
  to   space 90624K, 0% used [0x00000000f4f00000,0x00000000f4f00000,0x00000000fa780000)
 ParOldGen       total 168448K, used 153326K [0x00000000c0000000, 0x00000000ca480000, 0x00000000eaa80000)
  object space 168448K, 91% used [0x00000000c0000000,0x00000000c95bb9f8,0x00000000ca480000)
 PSPermGen       total 21504K, used 5949K [0x00000000b5a00000, 0x00000000b6f00000, 0x00000000c0000000)
  object space 21504K, 27% used [0x00000000b5a00000,0x00000000b5fcf790,0x00000000b6f00000)

