# JRE version: OpenJDK Runtime Environment (7.0_65-b32) (build 1.7.0_65-b32)
# Java VM: OpenJDK 64-Bit Server VM (24.65-b04 mixed mode linux-amd64 compressed oops)
Heap
 PSYoungGen      total 233472K, used 43826K [0x00000000eaa80000, 0x0000000100000000, 0x0000000100000000)
  eden space 117248K, 0% used [0x00000000eaa80000,0x00000000eaa80000,0x00000000f1d00000)
  from space 116224K, 37% used [0x00000000f1d00000,0x00000000f47cc9c8,0x00000000f8e80000)
  to   space 116224K, 0% used [0x00000000f8e80000,0x00000000f8e80000,0x0000000100000000)
 ParOldGen       total 299008K, used 298697K [0x00000000c0000000, 0x00000000d2400000, 0x00000000eaa80000)
  object space 299008K, 99% used [0x00000000c0000000,0x00000000d23b2598,0x00000000d2400000)
 PSPermGen       total 21504K, used 5971K [0x00000000b5a00000, 0x00000000b6f00000, 0x00000000c0000000)
  object space 21504K, 27% used [0x00000000b5a00000,0x00000000b5fd4dd0,0x00000000b6f00000)
GC Heap History (10 events):
Event: 15.886 GC heap after
Heap after GC invocations=15 (full 2):
 PSYoungGen      total 276480K, used 73197K [0x00000000eaa80000, 0x0000000100000000, 0x0000000100000000)
  eden space 203264K, 0% used [0x00000000eaa80000,0x00000000eaa80000,0x00000000f7100000)
  from space 73216K, 99% used [0x00000000f7100000,0x00000000fb87b718,0x00000000fb880000)
  to   space 73216K, 0% used [0x00000000fb880000,0x00000000fb880000,0x0000000100000000)
 ParOldGen       total 291328K, used 173576K [0x00000000c0000000, 0x00000000d1c80000, 0x00000000eaa80000)
  object space 291328K, 59% used [0x00000000c0000000,0x00000000ca9820f0,0x00000000d1c80000)
 PSPermGen       total 21504K, used 5950K [0x00000000b5a00000, 0x00000000b6f00000, 0x00000000c0000000)
  object space 21504K, 27% used [0x00000000b5a00000,0x00000000b5fcfaa0,0x00000000b6f00000)
}
Event: 16.538 GC heap before
{Heap before GC invocations=16 (full 2):
 PSYoungGen      total 276480K, used 276461K [0x00000000eaa80000, 0x0000000100000000, 0x0000000100000000)
  eden space 203264K, 100% used [0x00000000eaa80000,0x00000000f7100000,0x00000000f7100000)
  from space 73216K, 99% used [0x00000000f7100000,0x00000000fb87b718,0x00000000fb880000)
  to   space 73216K, 0% used [0x00000000fb880000,0x00000000fb880000,0x0000000100000000)
 ParOldGen       total 291328K, used 173576K [0x00000000c0000000, 0x00000000d1c80000, 0x00000000eaa80000)
  object space 291328K, 59% used [0x00000000c0000000,0x00000000ca9820f0,0x00000000d1c80000)
 PSPermGen       total 21504K, used 5957K [0x00000000b5a00000, 0x00000000b6f00000, 0x00000000c0000000)
  object space 21504K, 27% used [0x00000000b5a00000,0x00000000b5fd14f0,0x00000000b6f00000)
Event: 16.985 GC heap after
Heap after GC invocations=16 (full 2):
 PSYoungGen      total 228352K, used 70976K [0x00000000eaa80000, 0x0000000100000000, 0x0000000100000000)
  eden space 155136K, 0% used [0x00000000eaa80000,0x00000000eaa80000,0x00000000f4200000)
  from space 73216K, 96% used [0x00000000fb880000,0x00000000ffdd01b8,0x0000000100000000)
  to   space 97280K, 0% used [0x00000000f4200000,0x00000000f4200000,0x00000000fa100000)
 ParOldGen       total 291328K, used 212276K [0x00000000c0000000, 0x00000000d1c80000, 0x00000000eaa80000)
  object space 291328K, 72% used [0x00000000c0000000,0x00000000ccf4d0d0,0x00000000d1c80000)
 PSPermGen       total 21504K, used 5957K [0x00000000b5a00000, 0x00000000b6f00000, 0x00000000c0000000)
  object space 21504K, 27% used [0x00000000b5a00000,0x00000000b5fd14f0,0x00000000b6f00000)
}
Event: 17.574 GC heap before
{Heap before GC invocations=17 (full 2):
 PSYoungGen      total 228352K, used 226112K [0x00000000eaa80000, 0x0000000100000000, 0x0000000100000000)
  eden space 155136K, 100% used [0x00000000eaa80000,0x00000000f4200000,0x00000000f4200000)
  from space 73216K, 96% used [0x00000000fb880000,0x00000000ffdd01b8,0x0000000100000000)
  to   space 97280K, 0% used [0x00000000f4200000,0x00000000f4200000,0x00000000fa100000)
 ParOldGen       total 291328K, used 212276K [0x00000000c0000000, 0x00000000d1c80000, 0x00000000eaa80000)
  object space 291328K, 72% used [0x00000000c0000000,0x00000000ccf4d0d0,0x00000000d1c80000)
 PSPermGen       total 21504K, used 5963K [0x00000000b5a00000, 0x00000000b6f00000, 0x00000000c0000000)
  object space 21504K, 27% used [0x00000000b5a00000,0x00000000b5fd2c68,0x00000000b6f00000)
Event: 17.679 GC heap after
Heap after GC invocations=17 (full 2):
 PSYoungGen      total 246784K, used 91517K [0x00000000eaa80000, 0x0000000100000000, 0x0000000100000000)
  eden space 155136K, 0% used [0x00000000eaa80000,0x00000000eaa80000,0x00000000f4200000)
  from space 91648K, 99% used [0x00000000f4200000,0x00000000f9b5f520,0x00000000f9b80000)
  to   space 102912K, 0% used [0x00000000f9b80000,0x00000000f9b80000,0x0000000100000000)
 ParOldGen       total 291328K, used 212276K [0x00000000c0000000, 0x00000000d1c80000, 0x00000000eaa80000)
  object space 291328K, 72% used [0x00000000c0000000,0x00000000ccf4d0d0,0x00000000d1c80000)
 PSPermGen       total 21504K, used 5963K [0x00000000b5a00000, 0x00000000b6f00000, 0x00000000c0000000)
  object space 21504K, 27% used [0x00000000b5a00000,0x00000000b5fd2c68,0x00000000b6f00000)
}
Event: 18.159 GC heap before
{Heap before GC invocations=18 (full 2):
 PSYoungGen      total 246784K, used 246653K [0x00000000eaa80000, 0x0000000100000000, 0x0000000100000000)
  eden space 155136K, 100% used [0x00000000eaa80000,0x00000000f4200000,0x00000000f4200000)
  from space 91648K, 99% used [0x00000000f4200000,0x00000000f9b5f520,0x00000000f9b80000)
  to   space 102912K, 0% used [0x00000000f9b80000,0x00000000f9b80000,0x0000000100000000)
 ParOldGen       total 291328K, used 212276K [0x00000000c0000000, 0x00000000d1c80000, 0x00000000eaa80000)
  object space 291328K, 72% used [0x00000000c0000000,0x00000000ccf4d0d0,0x00000000d1c80000)
 PSPermGen       total 21504K, used 5969K [0x00000000b5a00000, 0x00000000b6f00000, 0x00000000c0000000)
  object space 21504K, 27% used [0x00000000b5a00000,0x00000000b5fd4530,0x00000000b6f00000)
Event: 18.468 GC heap after
Heap after GC invocations=18 (full 2):
 PSYoungGen      total 220160K, used 102895K [0x00000000eaa80000, 0x0000000100000000, 0x0000000100000000)
  eden space 117248K, 0% used [0x00000000eaa80000,0x00000000eaa80000,0x00000000f1d00000)
  from space 102912K, 99% used [0x00000000f9b80000,0x00000000ffffbf50,0x0000000100000000)
  to   space 116224K, 0% used [0x00000000f1d00000,0x00000000f1d00000,0x00000000f8e80000)
 ParOldGen       total 291328K, used 229044K [0x00000000c0000000, 0x00000000d1c80000, 0x00000000eaa80000)
  object space 291328K, 78% used [0x00000000c0000000,0x00000000cdfad1f0,0x00000000d1c80000)
 PSPermGen       total 21504K, used 5969K [0x00000000b5a00000, 0x00000000b6f00000, 0x00000000c0000000)
  object space 21504K, 27% used [0x00000000b5a00000,0x00000000b5fd4530,0x00000000b6f00000)
}
Event: 18.810 GC heap before
{Heap before GC invocations=19 (full 2):
 PSYoungGen      total 220160K, used 220143K [0x00000000eaa80000, 0x0000000100000000, 0x0000000100000000)
  eden space 117248K, 100% used [0x00000000eaa80000,0x00000000f1d00000,0x00000000f1d00000)
  from space 102912K, 99% used [0x00000000f9b80000,0x00000000ffffbf50,0x0000000100000000)
  to   space 116224K, 0% used [0x00000000f1d00000,0x00000000f1d00000,0x00000000f8e80000)
 ParOldGen       total 291328K, used 229044K [0x00000000c0000000, 0x00000000d1c80000, 0x00000000eaa80000)
  object space 291328K, 78% used [0x00000000c0000000,0x00000000cdfad1f0,0x00000000d1c80000)
 PSPermGen       total 21504K, used 5971K [0x00000000b5a00000, 0x00000000b6f00000, 0x00000000c0000000)
  object space 21504K, 27% used [0x00000000b5a00000,0x00000000b5fd4e90,0x00000000b6f00000)
Event: 19.364 GC heap after
Heap after GC invocations=19 (full 2):
 PSYoungGen      total 233472K, used 49903K [0x00000000eaa80000, 0x0000000100000000, 0x0000000100000000)
  eden space 117248K, 0% used [0x00000000eaa80000,0x00000000eaa80000,0x00000000f1d00000)
  from space 116224K, 42% used [0x00000000f1d00000,0x00000000f4dbbe48,0x00000000f8e80000)
  to   space 116224K, 0% used [0x00000000f8e80000,0x00000000f8e80000,0x0000000100000000)
 ParOldGen       total 299008K, used 298627K [0x00000000c0000000, 0x00000000d2400000, 0x00000000eaa80000)
  object space 299008K, 99% used [0x00000000c0000000,0x00000000d23a0e30,0x00000000d2400000)
 PSPermGen       total 21504K, used 5971K [0x00000000b5a00000, 0x00000000b6f00000, 0x00000000c0000000)
  object space 21504K, 27% used [0x00000000b5a00000,0x00000000b5fd4e90,0x00000000b6f00000)
}
Event: 19.366 GC heap before
{Heap before GC invocations=20 (full 3):
 PSYoungGen      total 233472K, used 49903K [0x00000000eaa80000, 0x0000000100000000, 0x0000000100000000)
  eden space 117248K, 0% used [0x00000000eaa80000,0x00000000eaa80000,0x00000000f1d00000)
  from space 116224K, 42% used [0x00000000f1d00000,0x00000000f4dbbe48,0x00000000f8e80000)
  to   space 116224K, 0% used [0x00000000f8e80000,0x00000000f8e80000,0x0000000100000000)
 ParOldGen       total 299008K, used 298627K [0x00000000c0000000, 0x00000000d2400000, 0x00000000eaa80000)
  object space 299008K, 99% used [0x00000000c0000000,0x00000000d23a0e30,0x00000000d2400000)
 PSPermGen       total 21504K, used 5971K [0x00000000b5a00000, 0x00000000b6f00000, 0x00000000c0000000)
  object space 21504K, 27% used [0x00000000b5a00000,0x00000000b5fd4e90,0x00000000b6f00000)

