# JRE version: OpenJDK Runtime Environment (7.0_65-b32) (build 1.7.0_65-b32)
# Java VM: OpenJDK 64-Bit Server VM (24.65-b04 mixed mode linux-amd64 compressed oops)
Heap
 PSYoungGen      total 278528K, used 31122K [0x00000000eaa80000, 0x0000000100000000, 0x0000000100000000)
  eden space 241152K, 0% used [0x00000000eaa80000,0x00000000eaa80000,0x00000000f9600000)
  from space 37376K, 83% used [0x00000000f9600000,0x00000000fb464978,0x00000000fba80000)
  to   space 55808K, 0% used [0x00000000fc980000,0x00000000fc980000,0x0000000100000000)
 ParOldGen       total 83968K, used 83614K [0x00000000c0000000, 0x00000000c5200000, 0x00000000eaa80000)
  object space 83968K, 99% used [0x00000000c0000000,0x00000000c51a7a98,0x00000000c5200000)
 PSPermGen       total 21504K, used 5909K [0x00000000b5a00000, 0x00000000b6f00000, 0x00000000c0000000)
  object space 21504K, 27% used [0x00000000b5a00000,0x00000000b5fc5440,0x00000000b6f00000)
GC Heap History (10 events):
Event: 4.234 GC heap after
Heap after GC invocations=5 (full 0):
 PSYoungGen      total 68608K, used 5120K [0x00000000eaa80000, 0x00000000f4780000, 0x0000000100000000)
  eden space 63488K, 0% used [0x00000000eaa80000,0x00000000eaa80000,0x00000000ee880000)
  from space 5120K, 100% used [0x00000000ee880000,0x00000000eed80000,0x00000000eed80000)
  to   space 16896K, 0% used [0x00000000f3700000,0x00000000f3700000,0x00000000f4780000)
 ParOldGen       total 83968K, used 26750K [0x00000000c0000000, 0x00000000c5200000, 0x00000000eaa80000)
  object space 83968K, 31% used [0x00000000c0000000,0x00000000c1a1faf0,0x00000000c5200000)
 PSPermGen       total 21504K, used 5771K [0x00000000b5a00000, 0x00000000b6f00000, 0x00000000c0000000)
  object space 21504K, 26% used [0x00000000b5a00000,0x00000000b5fa2e28,0x00000000b6f00000)
}
Event: 4.493 GC heap before
{Heap before GC invocations=6 (full 0):
 PSYoungGen      total 68608K, used 68608K [0x00000000eaa80000, 0x00000000f4780000, 0x0000000100000000)
  eden space 63488K, 100% used [0x00000000eaa80000,0x00000000ee880000,0x00000000ee880000)
  from space 5120K, 100% used [0x00000000ee880000,0x00000000eed80000,0x00000000eed80000)
  to   space 16896K, 0% used [0x00000000f3700000,0x00000000f3700000,0x00000000f4780000)
 ParOldGen       total 83968K, used 26750K [0x00000000c0000000, 0x00000000c5200000, 0x00000000eaa80000)
  object space 83968K, 31% used [0x00000000c0000000,0x00000000c1a1faf0,0x00000000c5200000)
 PSPermGen       total 21504K, used 5783K [0x00000000b5a00000, 0x00000000b6f00000, 0x00000000c0000000)
  object space 21504K, 26% used [0x00000000b5a00000,0x00000000b5fa5fa0,0x00000000b6f00000)
Event: 4.516 GC heap after
Heap after GC invocations=6 (full 0):
 PSYoungGen      total 141824K, used 15401K [0x00000000eaa80000, 0x00000000f4b80000, 0x0000000100000000)
  eden space 124928K, 0% used [0x00000000eaa80000,0x00000000eaa80000,0x00000000f2480000)
  from space 16896K, 91% used [0x00000000f3700000,0x00000000f460a648,0x00000000f4780000)
  to   space 18944K, 0% used [0x00000000f2480000,0x00000000f2480000,0x00000000f3700000)
 ParOldGen       total 83968K, used 26750K [0x00000000c0000000, 0x00000000c5200000, 0x00000000eaa80000)
  object space 83968K, 31% used [0x00000000c0000000,0x00000000c1a1faf0,0x00000000c5200000)
 PSPermGen       total 21504K, used 5783K [0x00000000b5a00000, 0x00000000b6f00000, 0x00000000c0000000)
  object space 21504K, 26% used [0x00000000b5a00000,0x00000000b5fa5fa0,0x00000000b6f00000)
}
Event: 4.955 GC heap before
{Heap before GC invocations=7 (full 0):
 PSYoungGen      total 141824K, used 140329K [0x00000000eaa80000, 0x00000000f4b80000, 0x0000000100000000)
  eden space 124928K, 100% used [0x00000000eaa80000,0x00000000f2480000,0x00000000f2480000)
  from space 16896K, 91% used [0x00000000f3700000,0x00000000f460a648,0x00000000f4780000)
  to   space 18944K, 0% used [0x00000000f2480000,0x00000000f2480000,0x00000000f3700000)
 ParOldGen       total 83968K, used 26750K [0x00000000c0000000, 0x00000000c5200000, 0x00000000eaa80000)
  object space 83968K, 31% used [0x00000000c0000000,0x00000000c1a1faf0,0x00000000c5200000)
 PSPermGen       total 21504K, used 5836K [0x00000000b5a00000, 0x00000000b6f00000, 0x00000000c0000000)
  object space 21504K, 27% used [0x00000000b5a00000,0x00000000b5fb30b0,0x00000000b6f00000)
Event: 5.029 GC heap after
Heap after GC invocations=7 (full 0):
 PSYoungGen      total 143872K, used 18928K [0x00000000eaa80000, 0x00000000fd680000, 0x0000000100000000)
  eden space 124928K, 0% used [0x00000000eaa80000,0x00000000eaa80000,0x00000000f2480000)
  from space 18944K, 99% used [0x00000000f2480000,0x00000000f36fc058,0x00000000f3700000)
  to   space 28672K, 0% used [0x00000000fba80000,0x00000000fba80000,0x00000000fd680000)
 ParOldGen       total 83968K, used 40409K [0x00000000c0000000, 0x00000000c5200000, 0x00000000eaa80000)
  object space 83968K, 48% used [0x00000000c0000000,0x00000000c27765a8,0x00000000c5200000)
 PSPermGen       total 21504K, used 5836K [0x00000000b5a00000, 0x00000000b6f00000, 0x00000000c0000000)
  object space 21504K, 27% used [0x00000000b5a00000,0x00000000b5fb30b0,0x00000000b6f00000)
}
Event: 5.507 GC heap before
{Heap before GC invocations=8 (full 0):
 PSYoungGen      total 143872K, used 143856K [0x00000000eaa80000, 0x00000000fd680000, 0x0000000100000000)
  eden space 124928K, 100% used [0x00000000eaa80000,0x00000000f2480000,0x00000000f2480000)
  from space 18944K, 99% used [0x00000000f2480000,0x00000000f36fc058,0x00000000f3700000)
  to   space 28672K, 0% used [0x00000000fba80000,0x00000000fba80000,0x00000000fd680000)
 ParOldGen       total 83968K, used 40409K [0x00000000c0000000, 0x00000000c5200000, 0x00000000eaa80000)
  object space 83968K, 48% used [0x00000000c0000000,0x00000000c27765a8,0x00000000c5200000)
 PSPermGen       total 21504K, used 5898K [0x00000000b5a00000, 0x00000000b6f00000, 0x00000000c0000000)
  object space 21504K, 27% used [0x00000000b5a00000,0x00000000b5fc29f0,0x00000000b6f00000)
Event: 5.660 GC heap after
Heap after GC invocations=8 (full 0):
 PSYoungGen      total 269824K, used 28670K [0x00000000eaa80000, 0x00000000fe780000, 0x0000000100000000)
  eden space 241152K, 0% used [0x00000000eaa80000,0x00000000eaa80000,0x00000000f9600000)
  from space 28672K, 99% used [0x00000000fba80000,0x00000000fd67fa00,0x00000000fd680000)
  to   space 37376K, 0% used [0x00000000f9600000,0x00000000f9600000,0x00000000fba80000)
 ParOldGen       total 83968K, used 50214K [0x00000000c0000000, 0x00000000c5200000, 0x00000000eaa80000)
  object space 83968K, 59% used [0x00000000c0000000,0x00000000c3109900,0x00000000c5200000)
 PSPermGen       total 21504K, used 5898K [0x00000000b5a00000, 0x00000000b6f00000, 0x00000000c0000000)
  object space 21504K, 27% used [0x00000000b5a00000,0x00000000b5fc29f0,0x00000000b6f00000)
}
Event: 6.675 GC heap before
{Heap before GC invocations=9 (full 0):
 PSYoungGen      total 269824K, used 269822K [0x00000000eaa80000, 0x00000000fe780000, 0x0000000100000000)
  eden space 241152K, 100% used [0x00000000eaa80000,0x00000000f9600000,0x00000000f9600000)
  from space 28672K, 99% used [0x00000000fba80000,0x00000000fd67fa00,0x00000000fd680000)
  to   space 37376K, 0% used [0x00000000f9600000,0x00000000f9600000,0x00000000fba80000)
 ParOldGen       total 83968K, used 50214K [0x00000000c0000000, 0x00000000c5200000, 0x00000000eaa80000)
  object space 83968K, 59% used [0x00000000c0000000,0x00000000c3109900,0x00000000c5200000)
 PSPermGen       total 21504K, used 5914K [0x00000000b5a00000, 0x00000000b6f00000, 0x00000000c0000000)
  object space 21504K, 27% used [0x00000000b5a00000,0x00000000b5fc6958,0x00000000b6f00000)
Event: 6.760 GC heap after
Heap after GC invocations=9 (full 0):
 PSYoungGen      total 278528K, used 37364K [0x00000000eaa80000, 0x0000000100000000, 0x0000000100000000)
  eden space 241152K, 0% used [0x00000000eaa80000,0x00000000eaa80000,0x00000000f9600000)
  from space 37376K, 99% used [0x00000000f9600000,0x00000000fba7d170,0x00000000fba80000)
  to   space 55808K, 0% used [0x00000000fc980000,0x00000000fc980000,0x0000000100000000)
 ParOldGen       total 83968K, used 81559K [0x00000000c0000000, 0x00000000c5200000, 0x00000000eaa80000)
  object space 83968K, 97% used [0x00000000c0000000,0x00000000c4fa5fd8,0x00000000c5200000)
 PSPermGen       total 21504K, used 5914K [0x00000000b5a00000, 0x00000000b6f00000, 0x00000000c0000000)
  object space 21504K, 27% used [0x00000000b5a00000,0x00000000b5fc6958,0x00000000b6f00000)
}
Event: 6.760 GC heap before
{Heap before GC invocations=10 (full 1):
 PSYoungGen      total 278528K, used 37364K [0x00000000eaa80000, 0x0000000100000000, 0x0000000100000000)
  eden space 241152K, 0% used [0x00000000eaa80000,0x00000000eaa80000,0x00000000f9600000)
  from space 37376K, 99% used [0x00000000f9600000,0x00000000fba7d170,0x00000000fba80000)
  to   space 55808K, 0% used [0x00000000fc980000,0x00000000fc980000,0x0000000100000000)
 ParOldGen       total 83968K, used 81559K [0x00000000c0000000, 0x00000000c5200000, 0x00000000eaa80000)
  object space 83968K, 97% used [0x00000000c0000000,0x00000000c4fa5fd8,0x00000000c5200000)
 PSPermGen       total 21504K, used 5914K [0x00000000b5a00000, 0x00000000b6f00000, 0x00000000c0000000)
  object space 21504K, 27% used [0x00000000b5a00000,0x00000000b5fc6958,0x00000000b6f00000)

